<?xml version="1.0" encoding="UTF-8"?>
<!-- Generated by org.testng.reporters.JUnitXMLReporter -->
<testsuite ignored="0" hostname="Kamini92" failures="0" tests="3" name="Default test" time="47.875" errors="0" timestamp="30 Apr 2023 05:29:00 GMT">
  <testcase classname="testcases.LoginTest" name="test1" time="12.989"/>
  <testcase classname="testcases.LoginTest" name="test2" time="12.532"/>
  <testcase classname="testcases.LoginTest" name="test4" time="12.378"/>
</testsuite> <!-- Default test -->
