<?xml version="1.0" encoding="UTF-8"?>
<!-- Generated by org.testng.reporters.JUnitXMLReporter -->
<testsuite ignored="0" hostname="Kamini92" failures="0" tests="3" name="Default test" time="48.721" errors="0" timestamp="29 Apr 2023 07:43:56 GMT">
  <testcase classname="testcases.LoginTest" name="test1" time="12.172"/>
  <testcase classname="testcases.LoginTest" name="test2" time="13.481"/>
  <testcase classname="testcases.LoginTest" name="test4" time="13.216"/>
</testsuite> <!-- Default test -->
