<?xml version="1.0" encoding="UTF-8"?>
<testng-results ignored="0" total="1" passed="1" failed="0" skipped="0">
  <reporter-output>
  </reporter-output>
  <suite started-at="2023-04-30T06:46:01Z" name="Suite" finished-at="2023-04-30T06:46:05Z" duration-ms="4065">
    <groups>
    </groups>
    <test started-at="2023-04-30T06:46:01Z" name="Test" finished-at="2023-04-30T06:46:05Z" duration-ms="4065">
      <class name="testcases.HomeTestpage">
        <test-method is-config="true" signature="ReportSetup()[pri:0, instance:testcases.HomeTestpage@59e505b2]" started-at="2023-04-30T06:46:01Z" name="ReportSetup" finished-at="2023-04-30T06:46:02Z" duration-ms="389" status="PASS">
          <reporter-output>
          </reporter-output>
        </test-method> <!-- ReportSetup -->
        <test-method is-config="true" signature="SetUp(java.lang.reflect.Method)[pri:0, instance:testcases.HomeTestpage@59e505b2]" started-at="2023-04-30T06:46:02Z" name="SetUp" finished-at="2023-04-30T06:46:05Z" duration-ms="3320" status="PASS">
          <params>
            <param index="0">
              <value>
                <![CDATA[public void testcases.HomeTestpage.test3()]]>
              </value>
            </param>
          </params>
          <reporter-output>
          </reporter-output>
        </test-method> <!-- SetUp -->
        <test-method signature="test3()[pri:0, instance:testcases.HomeTestpage@59e505b2]" started-at="2023-04-30T06:46:05Z" name="test3" finished-at="2023-04-30T06:46:05Z" duration-ms="3" status="PASS">
          <reporter-output>
          </reporter-output>
        </test-method> <!-- test3 -->
        <test-method is-config="true" signature="TearDown()[pri:0, instance:testcases.HomeTestpage@59e505b2]" started-at="2023-04-30T06:46:05Z" name="TearDown" finished-at="2023-04-30T06:46:05Z" duration-ms="191" status="PASS">
          <reporter-output>
          </reporter-output>
        </test-method> <!-- TearDown -->
        <test-method is-config="true" signature="ReportClean()[pri:0, instance:testcases.HomeTestpage@59e505b2]" started-at="2023-04-30T06:46:05Z" name="ReportClean" finished-at="2023-04-30T06:46:05Z" duration-ms="148" status="PASS">
          <reporter-output>
          </reporter-output>
        </test-method> <!-- ReportClean -->
      </class> <!-- testcases.HomeTestpage -->
    </test> <!-- Test -->
  </suite> <!-- Suite -->
</testng-results>
