<?xml version="1.0" encoding="UTF-8"?>
<testng-results ignored="0" total="3" passed="3" failed="0" skipped="0">
  <reporter-output>
  </reporter-output>
  <suite started-at="2023-04-29T07:43:07Z" name="Default suite" finished-at="2023-04-29T07:43:56Z" duration-ms="48721">
    <groups>
    </groups>
    <test started-at="2023-04-29T07:43:07Z" name="Default test" finished-at="2023-04-29T07:43:56Z" duration-ms="48721">
      <class name="testcases.LoginTest">
        <test-method is-config="true" signature="ReportSetup()[pri:0, instance:testcases.LoginTest@8e50104]" started-at="2023-04-29T07:43:07Z" name="ReportSetup" finished-at="2023-04-29T07:43:08Z" duration-ms="416" status="PASS">
          <reporter-output>
          </reporter-output>
        </test-method> <!-- ReportSetup -->
        <test-method is-config="true" signature="SetUp(java.lang.reflect.Method)[pri:0, instance:testcases.LoginTest@8e50104]" started-at="2023-04-29T07:43:08Z" name="SetUp" finished-at="2023-04-29T07:43:11Z" duration-ms="3069" status="PASS">
          <params>
            <param index="0">
              <value>
                <![CDATA[public void testcases.LoginTest.test1()]]>
              </value>
            </param>
          </params>
          <reporter-output>
          </reporter-output>
        </test-method> <!-- SetUp -->
        <test-method signature="test1()[pri:0, instance:testcases.LoginTest@8e50104]" started-at="2023-04-29T07:43:11Z" name="test1" finished-at="2023-04-29T07:43:23Z" duration-ms="12172" status="PASS">
          <reporter-output>
          </reporter-output>
        </test-method> <!-- test1 -->
        <test-method is-config="true" signature="TearDown()[pri:0, instance:testcases.LoginTest@8e50104]" started-at="2023-04-29T07:43:23Z" name="TearDown" finished-at="2023-04-29T07:43:23Z" duration-ms="170" status="PASS">
          <reporter-output>
          </reporter-output>
        </test-method> <!-- TearDown -->
        <test-method is-config="true" signature="SetUp(java.lang.reflect.Method)[pri:0, instance:testcases.LoginTest@8e50104]" started-at="2023-04-29T07:43:23Z" name="SetUp" finished-at="2023-04-29T07:43:26Z" duration-ms="2765" status="PASS">
          <params>
            <param index="0">
              <value>
                <![CDATA[public void testcases.LoginTest.test2()]]>
              </value>
            </param>
          </params>
          <reporter-output>
          </reporter-output>
        </test-method> <!-- SetUp -->
        <test-method signature="test2()[pri:0, instance:testcases.LoginTest@8e50104]" started-at="2023-04-29T07:43:26Z" name="test2" finished-at="2023-04-29T07:43:39Z" duration-ms="13481" status="PASS">
          <reporter-output>
          </reporter-output>
        </test-method> <!-- test2 -->
        <test-method is-config="true" signature="TearDown()[pri:0, instance:testcases.LoginTest@8e50104]" started-at="2023-04-29T07:43:39Z" name="TearDown" finished-at="2023-04-29T07:43:40Z" duration-ms="168" status="PASS">
          <reporter-output>
          </reporter-output>
        </test-method> <!-- TearDown -->
        <test-method is-config="true" signature="SetUp(java.lang.reflect.Method)[pri:0, instance:testcases.LoginTest@8e50104]" started-at="2023-04-29T07:43:40Z" name="SetUp" finished-at="2023-04-29T07:43:42Z" duration-ms="2766" status="PASS">
          <params>
            <param index="0">
              <value>
                <![CDATA[public void testcases.LoginTest.test4() throws com.codoid.products.exception.FilloException]]>
              </value>
            </param>
          </params>
          <reporter-output>
          </reporter-output>
        </test-method> <!-- SetUp -->
        <test-method signature="test4()[pri:0, instance:testcases.LoginTest@8e50104]" started-at="2023-04-29T07:43:42Z" name="test4" finished-at="2023-04-29T07:43:56Z" duration-ms="13216" status="PASS">
          <reporter-output>
          </reporter-output>
        </test-method> <!-- test4 -->
        <test-method is-config="true" signature="TearDown()[pri:0, instance:testcases.LoginTest@8e50104]" started-at="2023-04-29T07:43:56Z" name="TearDown" finished-at="2023-04-29T07:43:56Z" duration-ms="149" status="PASS">
          <reporter-output>
          </reporter-output>
        </test-method> <!-- TearDown -->
        <test-method is-config="true" signature="ReportClean()[pri:0, instance:testcases.LoginTest@8e50104]" started-at="2023-04-29T07:43:56Z" name="ReportClean" finished-at="2023-04-29T07:43:56Z" duration-ms="333" status="PASS">
          <reporter-output>
          </reporter-output>
        </test-method> <!-- ReportClean -->
      </class> <!-- testcases.LoginTest -->
    </test> <!-- Default test -->
  </suite> <!-- Default suite -->
</testng-results>
